<?xml version="1.0" encoding="UTF-8"?>
<testng-results ignored="0" total="10" passed="10" failed="0" skipped="0">
  <reporter-output>
  </reporter-output>
  <suite started-at="2024-04-15T20:23:23 IST" name="Suite" finished-at="2024-04-15T20:25:55 IST" duration-ms="151877">
    <groups>
      <group name="login">
        <method signature="ValidLogin.invalidLogin(java.lang.String,java.lang.String)[pri:1, instance:testCases.ValidLogin@7161d8d1]" name="invalidLogin" class="testCases.ValidLogin"/>
        <method signature="ValidLogin.login()[pri:2, instance:testCases.ValidLogin@7161d8d1]" name="login" class="testCases.ValidLogin"/>
      </group> <!-- login -->
    </groups>
    <test started-at="2024-04-15T20:23:23 IST" name="Test" finished-at="2024-04-15T20:25:55 IST" duration-ms="151877">
      <class name="testCases.AddUnit">
        <test-method signature="addUnit()[pri:1, instance:testCases.AddUnit@3a7442c7]" started-at="2024-04-15T20:23:45 IST" name="addUnit" finished-at="2024-04-15T20:24:07 IST" duration-ms="21278" status="PASS">
          <reporter-output>
          </reporter-output>
        </test-method> <!-- addUnit -->
        <test-method signature="searchUnit()[pri:2, instance:testCases.AddUnit@3a7442c7]" started-at="2024-04-15T20:24:07 IST" name="searchUnit" finished-at="2024-04-15T20:24:15 IST" duration-ms="8287" status="PASS">
          <reporter-output>
          </reporter-output>
        </test-method> <!-- searchUnit -->
        <test-method signature="addBrand()[pri:3, instance:testCases.AddUnit@3a7442c7]" started-at="2024-04-15T20:24:15 IST" name="addBrand" finished-at="2024-04-15T20:24:36 IST" duration-ms="20757" status="PASS">
          <reporter-output>
          </reporter-output>
        </test-method> <!-- addBrand -->
        <test-method signature="searchBrand()[pri:4, instance:testCases.AddUnit@3a7442c7]" started-at="2024-04-15T20:24:36 IST" name="searchBrand" finished-at="2024-04-15T20:24:46 IST" duration-ms="10330" status="PASS">
          <reporter-output>
          </reporter-output>
        </test-method> <!-- searchBrand -->
        <test-method signature="deleteBrand()[pri:5, instance:testCases.AddUnit@3a7442c7]" started-at="2024-04-15T20:24:46 IST" name="deleteBrand" finished-at="2024-04-15T20:24:56 IST" duration-ms="10338" status="PASS">
          <reporter-output>
          </reporter-output>
        </test-method> <!-- deleteBrand -->
      </class> <!-- testCases.AddUnit -->
      <class name="testCases.ValidLogin">
        <test-method is-config="true" signature="extendreportgenerate()[pri:0, instance:testCases.ValidLogin@7161d8d1]" started-at="2024-04-15T20:23:23 IST" name="extendreportgenerate" finished-at="2024-04-15T20:23:23 IST" duration-ms="208" status="PASS">
          <reporter-output>
          </reporter-output>
        </test-method> <!-- extendreportgenerate -->
        <test-method is-config="true" signature="beforeTest(java.lang.String,java.lang.String)[pri:0, instance:testCases.ValidLogin@7161d8d1]" started-at="2024-04-15T20:23:23 IST" name="beforeTest" finished-at="2024-04-15T20:23:29 IST" duration-ms="5187" status="PASS">
          <params>
            <param index="0">
              <value>
                <![CDATA[Chrome]]>
              </value>
            </param>
            <param index="1">
              <value>
                <![CDATA[https://qalegend.com/billing/public/login]]>
              </value>
            </param>
          </params>
          <reporter-output>
          </reporter-output>
        </test-method> <!-- beforeTest -->
        <test-method signature="invalidLogin(java.lang.String,java.lang.String)[pri:1, instance:testCases.ValidLogin@7161d8d1]" started-at="2024-04-15T20:23:29 IST" name="invalidLogin" data-provider="data-provider" finished-at="2024-04-15T20:23:33 IST" duration-ms="3966" status="PASS">
          <params>
            <param index="0">
              <value>
                <![CDATA[admin11]]>
              </value>
            </param>
            <param index="1">
              <value>
                <![CDATA[123456]]>
              </value>
            </param>
          </params>
          <reporter-output>
          </reporter-output>
        </test-method> <!-- invalidLogin -->
        <test-method signature="login()[pri:2, instance:testCases.ValidLogin@7161d8d1]" started-at="2024-04-15T20:23:33 IST" name="login" finished-at="2024-04-15T20:23:45 IST" duration-ms="12752" status="PASS">
          <reporter-output>
          </reporter-output>
        </test-method> <!-- login -->
        <test-method is-config="true" signature="afterTest()[pri:0, instance:testCases.ValidLogin@7161d8d1]" started-at="2024-04-15T20:25:55 IST" name="afterTest" finished-at="2024-04-15T20:25:55 IST" duration-ms="1" status="PASS">
          <reporter-output>
          </reporter-output>
        </test-method> <!-- afterTest -->
        <test-method is-config="true" signature="closereport()[pri:0, instance:testCases.ValidLogin@7161d8d1]" started-at="2024-04-15T20:25:55 IST" name="closereport" finished-at="2024-04-15T20:25:55 IST" duration-ms="251" status="PASS">
          <reporter-output>
          </reporter-output>
        </test-method> <!-- closereport -->
      </class> <!-- testCases.ValidLogin -->
      <class name="testCases.AddProduct">
        <test-method signature="addProduct()[pri:1, instance:testCases.AddProduct@4be29ed9]" started-at="2024-04-15T20:24:56 IST" name="addProduct" finished-at="2024-04-15T20:25:31 IST" duration-ms="34266" status="PASS">
          <reporter-output>
          </reporter-output>
        </test-method> <!-- addProduct -->
        <test-method is-config="true" signature="beforeClass()[pri:0, instance:testCases.AddProduct@4be29ed9]" started-at="2024-04-15T20:24:56 IST" name="beforeClass" finished-at="2024-04-15T20:24:56 IST" duration-ms="0" status="PASS">
          <reporter-output>
          </reporter-output>
        </test-method> <!-- beforeClass -->
        <test-method signature="searchProduct()[pri:2, instance:testCases.AddProduct@4be29ed9]" started-at="2024-04-15T20:25:31 IST" name="searchProduct" finished-at="2024-04-15T20:25:41 IST" duration-ms="10264" status="PASS">
          <reporter-output>
          </reporter-output>
        </test-method> <!-- searchProduct -->
        <test-method signature="deleteproduct()[pri:3, instance:testCases.AddProduct@4be29ed9]" started-at="2024-04-15T20:25:41 IST" name="deleteproduct" finished-at="2024-04-15T20:25:55 IST" duration-ms="14410" status="PASS">
          <reporter-output>
          </reporter-output>
        </test-method> <!-- deleteproduct -->
        <test-method is-config="true" signature="afterClass()[pri:0, instance:testCases.AddProduct@4be29ed9]" started-at="2024-04-15T20:25:55 IST" name="afterClass" finished-at="2024-04-15T20:25:55 IST" duration-ms="0" status="PASS">
          <reporter-output>
          </reporter-output>
        </test-method> <!-- afterClass -->
      </class> <!-- testCases.AddProduct -->
    </test> <!-- Test -->
  </suite> <!-- Suite -->
</testng-results>
