<?xml version="1.0" encoding="UTF-8"?>
<!-- Generated by org.testng.reporters.JUnitXMLReporter -->
<testsuite ignored="1" hostname="LAPTOP-2S8JFND3" failures="0" tests="10" name="Test1" time="8.618" errors="0" timestamp="2024-04-14T17:26:38 IST">
  <testcase classname="testCases.ValidLogin" name="@BeforeTest beforeTest" time="8.507">
    <failure type="java.lang.NullPointerException" message="Cannot invoke &amp;quot;com.aventstack.extentreports.ExtentReports.createTest(String, String)&amp;quot; because &amp;quot;this.extent&amp;quot; is null">
      <![CDATA[java.lang.NullPointerException: Cannot invoke "com.aventstack.extentreports.ExtentReports.createTest(String, String)" because "this.extent" is null
at testCases.ValidLogin.beforeTest(ValidLogin.java:80)
at java.base/java.util.concurrent.FutureTask.run(FutureTask.java:264)
at java.base/java.util.concurrent.ThreadPoolExecutor.runWorker(ThreadPoolExecutor.java:1136)
at java.base/java.util.concurrent.ThreadPoolExecutor$Worker.run(ThreadPoolExecutor.java:635)
at java.base/java.lang.Thread.run(Thread.java:840)
... Removed 15 stack frames]]>
    </failure>
  </testcase> <!-- @BeforeTest beforeTest -->
  <testcase classname="testCases.AddProduct" name="@BeforeClass beforeClass" time="-1.713095798497E9">
    <skipped/>
  </testcase> <!-- @BeforeClass beforeClass -->
  <testcase classname="testCases.AddProduct" name="@AfterClass afterClass" time="-1.713095798575E9">
    <skipped/>
  </testcase> <!-- @AfterClass afterClass -->
  <testcase classname="testCases.AddProduct" name="addProduct" time="0.0">
    <skipped/>
  </testcase> <!-- addProduct -->
  <testcase classname="testCases.AddUnit" name="addUnit" time="0.0">
    <skipped/>
  </testcase> <!-- addUnit -->
  <testcase classname="testCases.ValidLogin" name="invalidLogin" time="0.0">
    <skipped/>
  </testcase> <!-- invalidLogin -->
  <testcase classname="testCases.ValidLogin" name="login" time="0.0">
    <skipped/>
  </testcase> <!-- login -->
  <testcase classname="testCases.AddProduct" name="searchProduct" time="0.0">
    <skipped/>
  </testcase> <!-- searchProduct -->
  <testcase classname="testCases.AddUnit" name="searchUnit" time="0.0">
    <skipped/>
  </testcase> <!-- searchUnit -->
  <testcase classname="testCases.AddUnit" name="addBrand" time="0.0">
    <skipped/>
  </testcase> <!-- addBrand -->
  <testcase classname="testCases.AddProduct" name="deleteproduct" time="0.0">
    <skipped/>
  </testcase> <!-- deleteproduct -->
  <testcase classname="testCases.AddUnit" name="searchBrand" time="0.0">
    <skipped/>
  </testcase> <!-- searchBrand -->
  <testcase classname="testCases.AddUnit" name="deleteBrand" time="0.0">
    <skipped/>
  </testcase> <!-- deleteBrand -->
  <testcase classname="testCases.AddUnit" name="addBrandwoValue" time="0.0">
    <ignored/>
  </testcase> <!-- addBrandwoValue -->
</testsuite> <!-- Test1 -->
