<?xml version="1.0" encoding="UTF-8"?>
<!-- Generated by org.testng.reporters.JUnitXMLReporter -->
<testsuite ignored="1" hostname="LAPTOP-2S8JFND3" failures="0" tests="10" name="Test" time="151.877" errors="0" timestamp="2024-04-15T20:25:55 IST">
  <testcase classname="testCases.ValidLogin" name="invalidLogin" time="3.966"/>
  <testcase classname="testCases.ValidLogin" name="login" time="12.752"/>
  <testcase classname="testCases.AddUnit" name="addUnit" time="21.278"/>
  <testcase classname="testCases.AddUnit" name="searchUnit" time="8.287"/>
  <testcase classname="testCases.AddUnit" name="addBrand" time="20.757"/>
  <testcase classname="testCases.AddUnit" name="searchBrand" time="10.33"/>
  <testcase classname="testCases.AddUnit" name="deleteBrand" time="10.338"/>
  <testcase classname="testCases.AddProduct" name="addProduct" time="34.266"/>
  <testcase classname="testCases.AddProduct" name="searchProduct" time="10.264"/>
  <testcase classname="testCases.AddProduct" name="deleteproduct" time="14.41"/>
  <testcase classname="testCases.AddUnit" name="addBrandwoValue" time="0.0">
    <ignored/>
  </testcase> <!-- addBrandwoValue -->
</testsuite> <!-- Test -->
